<?xml version='1.0' encoding='UTF-8'?>
<testsuite hostname="th-p14s" name="TwoferTest" tests="3" errors="0" failures="0" skipped="2" time="0.021" timestamp="2021-08-14T14:07:35">
          <properties>
[...]
</properties>
          <testcase classname="TwoferTest" name="no name given" time="0.018">
                      
                    </testcase><testcase classname="TwoferTest" name="a name given" time="0.002">
                      <skipped/>
                    </testcase><testcase classname="TwoferTest" name="another name given" time="0.001">
                      <skipped/>
                    </testcase>
          <system-out><![CDATA[]]></system-out>
          <system-err><![CDATA[]]></system-err>
        </testsuite>